-------------------------------------------------------------------------------
Test set: com.example.AMS.AmsApplicationTests
-------------------------------------------------------------------------------
Tests run: 1, Failures: 0, Errors: 1, Skipped: 0, Time elapsed: 0.228 s <<< FAILURE! -- in com.example.AMS.AmsApplicationTests
com.example.AMS.AmsApplicationTests -- Time elapsed: 0.228 s <<< ERROR!
org.springframework.beans.factory.BeanDefinitionStoreException: Failed to read candidate component class: file [C:\Users\94710\Downloads\Asset-Management-System-main\Asset-Management-System-main\target\test-classes\com\example\AMS\AmsApplicationTests.class]
	at org.springframework.context.annotation.ClassPathScanningCandidateComponentProvider.scanCandidateComponents(ClassPathScanningCandidateComponentProvider.java:484)
	at org.springframework.context.annotation.ClassPathScanningCandidateComponentProvider.findCandidateComponents(ClassPathScanningCandidateComponentProvider.java:337)
	at org.springframework.boot.test.context.AnnotatedClassFinder.scanPackage(AnnotatedClassFinder.java:90)
	at org.springframework.boot.test.context.AnnotatedClassFinder.findFromPackage(AnnotatedClassFinder.java:82)
	at org.springframework.boot.test.context.AnnotatedClassFinder.findFromClass(AnnotatedClassFinder.java:68)
	at org.springframework.boot.test.context.SpringBootTestContextBootstrapper.findConfigurationClass(SpringBootTestContextBootstrapper.java:245)
	at org.springframework.boot.test.context.SpringBootTestContextBootstrapper.getOrFindConfigurationClasses(SpringBootTestContextBootstrapper.java:233)
	at org.springframework.boot.test.context.SpringBootTestContextBootstrapper.processMergedContextConfiguration(SpringBootTestContextBootstrapper.java:150)
	at org.springframework.test.context.support.AbstractTestContextBootstrapper.buildMergedContextConfiguration(AbstractTestContextBootstrapper.java:354)
	at org.springframework.test.context.support.AbstractTestContextBootstrapper.buildDefaultMergedContextConfiguration(AbstractTestContextBootstrapper.java:270)
	at org.springframework.test.context.support.AbstractTestContextBootstrapper.buildMergedContextConfiguration(AbstractTestContextBootstrapper.java:218)
	at org.springframework.test.context.support.AbstractTestContextBootstrapper.buildTestContext(AbstractTestContextBootstrapper.java:108)
	at org.springframework.boot.test.context.SpringBootTestContextBootstrapper.buildTestContext(SpringBootTestContextBootstrapper.java:111)
	at org.springframework.test.context.TestContextManager.<init>(TestContextManager.java:129)
	at org.springframework.test.context.TestContextManager.<init>(TestContextManager.java:113)
	at org.springframework.test.context.junit.jupiter.SpringExtension.getTestContextManager(SpringExtension.java:366)
	at org.springframework.test.context.junit.jupiter.SpringExtension.beforeAll(SpringExtension.java:131)
	at java.base/java.util.ArrayList.forEach(ArrayList.java:1597)
Caused by: java.io.IOException: ASM ClassReader failed to parse class file - probably due to a new Java class file version that isn't supported yet: file [C:\Users\94710\Downloads\Asset-Management-System-main\Asset-Management-System-main\target\test-classes\com\example\AMS\AmsApplicationTests.class]
	at org.springframework.core.type.classreading.SimpleMetadataReader.getClassReader(SimpleMetadataReader.java:59)
	at org.springframework.core.type.classreading.SimpleMetadataReader.<init>(SimpleMetadataReader.java:48)
	at org.springframework.core.type.classreading.SimpleMetadataReaderFactory.getMetadataReader(SimpleMetadataReaderFactory.java:103)
	at org.springframework.core.type.classreading.CachingMetadataReaderFactory.getMetadataReader(CachingMetadataReaderFactory.java:131)
	at org.springframework.context.annotation.ClassPathScanningCandidateComponentProvider.scanCandidateComponents(ClassPathScanningCandidateComponentProvider.java:456)
	... 17 more
Caused by: java.lang.IllegalArgumentException: Unsupported class file major version 67
	at org.springframework.asm.ClassReader.<init>(ClassReader.java:199)
	at org.springframework.asm.ClassReader.<init>(ClassReader.java:180)
	at org.springframework.asm.ClassReader.<init>(ClassReader.java:166)
	at org.springframework.asm.ClassReader.<init>(ClassReader.java:287)
	at org.springframework.core.type.classreading.SimpleMetadataReader.getClassReader(SimpleMetadataReader.java:56)
	... 21 more

